2022-09-02 08:34:38,008 INFO org.springframework.test.context.support.AbstractTestContextBootstrapper [main] Neither @ContextConfiguration nor @ContextHierarchy found for test class [com.ciandt.token.provider.TokenProviderApplicationTests], using SpringBootContextLoader
2022-09-02 08:34:38,015 INFO org.springframework.test.context.support.AbstractContextLoader [main] Could not detect default resource locations for test class [com.ciandt.token.provider.TokenProviderApplicationTests]: no resource found for suffixes {-context.xml, Context.groovy}.
2022-09-02 08:34:38,016 INFO org.springframework.test.context.support.AnnotationConfigContextLoaderUtils [main] Could not detect default configuration classes for test class [com.ciandt.token.provider.TokenProviderApplicationTests]: TokenProviderApplicationTests does not declare any static, non-private, non-final, nested classes annotated with @Configuration.
2022-09-02 08:34:38,109 INFO org.springframework.boot.test.context.SpringBootTestContextBootstrapper [main] Found @SpringBootConfiguration com.ciandt.token.provider.TokenProviderApplication for test class com.ciandt.token.provider.TokenProviderApplicationTests
2022-09-02 08:34:38,232 INFO org.springframework.test.context.support.AbstractTestContextBootstrapper [main] Loaded default TestExecutionListener class names from location [META-INF/spring.factories]: [org.springframework.boot.test.mock.mockito.MockitoTestExecutionListener, org.springframework.boot.test.mock.mockito.ResetMocksTestExecutionListener, org.springframework.boot.test.autoconfigure.restdocs.RestDocsTestExecutionListener, org.springframework.boot.test.autoconfigure.web.client.MockRestServiceServerResetTestExecutionListener, org.springframework.boot.test.autoconfigure.web.servlet.MockMvcPrintOnlyOnFailureTestExecutionListener, org.springframework.boot.test.autoconfigure.web.servlet.WebDriverTestExecutionListener, org.springframework.boot.test.autoconfigure.webservices.client.MockWebServiceServerTestExecutionListener, org.springframework.test.context.web.ServletTestExecutionListener, org.springframework.test.context.support.DirtiesContextBeforeModesTestExecutionListener, org.springframework.test.context.event.ApplicationEventsTestExecutionListener, org.springframework.test.context.support.DependencyInjectionTestExecutionListener, org.springframework.test.context.support.DirtiesContextTestExecutionListener, org.springframework.test.context.transaction.TransactionalTestExecutionListener, org.springframework.test.context.jdbc.SqlScriptsTestExecutionListener, org.springframework.test.context.event.EventPublishingTestExecutionListener]
2022-09-02 08:34:38,249 INFO org.springframework.test.context.support.AbstractTestContextBootstrapper [main] Using TestExecutionListeners: [org.springframework.test.context.web.ServletTestExecutionListener@3e821657, org.springframework.test.context.support.DirtiesContextBeforeModesTestExecutionListener@1d131e1b, org.springframework.test.context.event.ApplicationEventsTestExecutionListener@71cf1b07, org.springframework.boot.test.mock.mockito.MockitoTestExecutionListener@615091b8, org.springframework.boot.test.autoconfigure.SpringBootDependencyInjectionTestExecutionListener@4fce136b, org.springframework.test.context.support.DirtiesContextTestExecutionListener@4aa83f4f, org.springframework.test.context.event.EventPublishingTestExecutionListener@43b6123e, org.springframework.boot.test.mock.mockito.ResetMocksTestExecutionListener@260e86a1, org.springframework.boot.test.autoconfigure.restdocs.RestDocsTestExecutionListener@19648c40, org.springframework.boot.test.autoconfigure.web.client.MockRestServiceServerResetTestExecutionListener@12bd8a64, org.springframework.boot.test.autoconfigure.web.servlet.MockMvcPrintOnlyOnFailureTestExecutionListener@61e94def, org.springframework.boot.test.autoconfigure.web.servlet.WebDriverTestExecutionListener@3300f4fd, org.springframework.boot.test.autoconfigure.webservices.client.MockWebServiceServerTestExecutionListener@ebb6851]
2022-09-02 08:34:38,675 INFO org.springframework.boot.StartupInfoLogger [main] Starting TokenProviderApplicationTests using Java 11.0.16 on lnb033805cps with PID 15553 (started by CIANDT\ebarbieri in /home/ebarbieri/Documents/projetct-myMusic-toTal/TokenProvider)
2022-09-02 08:34:38,676 INFO org.springframework.boot.SpringApplication [main] No active profile set, falling back to default profiles: default
2022-09-02 08:34:40,619 INFO org.springframework.boot.actuate.endpoint.web.EndpointLinksResolver [main] Exposing 1 endpoint(s) beneath base path '/actuator'
2022-09-02 08:34:40,672 INFO org.springframework.boot.StartupInfoLogger [main] Started TokenProviderApplicationTests in 2.375 seconds (JVM running for 3.622)
2022-09-02 08:35:02,854 INFO org.springframework.boot.StartupInfoLogger [main] Starting TokenProviderApplication using Java 11.0.16 on lnb033805cps with PID 15645 (/home/ebarbieri/Documents/projetct-myMusic-toTal/TokenProvider/target/classes started by CIANDT\ebarbieri in /home/ebarbieri/Documents/projetct-myMusic-toTal/TokenProvider)
2022-09-02 08:35:02,857 INFO org.springframework.boot.SpringApplication [main] No active profile set, falling back to default profiles: default
2022-09-02 08:35:03,887 INFO org.springframework.boot.web.embedded.tomcat.TomcatWebServer [main] Tomcat initialized with port(s): 8081 (http)
2022-09-02 08:35:03,896 INFO org.apache.juli.logging.DirectJDKLog [main] Initializing ProtocolHandler ["http-nio-8081"]
2022-09-02 08:35:03,897 INFO org.apache.juli.logging.DirectJDKLog [main] Starting service [Tomcat]
2022-09-02 08:35:03,897 INFO org.apache.juli.logging.DirectJDKLog [main] Starting Servlet engine: [Apache Tomcat/9.0.56]
2022-09-02 08:35:03,948 INFO org.apache.juli.logging.DirectJDKLog [main] Initializing Spring embedded WebApplicationContext
2022-09-02 08:35:03,949 INFO org.springframework.boot.web.servlet.context.ServletWebServerApplicationContext [main] Root WebApplicationContext: initialization completed in 1042 ms
2022-09-02 08:35:04,478 INFO org.springframework.boot.actuate.endpoint.web.EndpointLinksResolver [main] Exposing 1 endpoint(s) beneath base path '/actuator'
2022-09-02 08:35:04,510 INFO org.apache.juli.logging.DirectJDKLog [main] Starting ProtocolHandler ["http-nio-8081"]
2022-09-02 08:35:04,524 INFO org.springframework.boot.web.embedded.tomcat.TomcatWebServer [main] Tomcat started on port(s): 8081 (http) with context path ''
2022-09-02 08:35:04,540 INFO org.springframework.boot.StartupInfoLogger [main] Started TokenProviderApplication in 2.143 seconds (JVM running for 2.711)
