2022-09-13 16:17:20,775 INFO org.apache.juli.logging.DirectJDKLog [http-nio-8081-exec-1] Initializing Spring DispatcherServlet 'dispatcherServlet'
2022-09-13 16:17:20,785 INFO org.springframework.web.servlet.FrameworkServlet [http-nio-8081-exec-1] Initializing Servlet 'dispatcherServlet'
2022-09-13 16:17:20,857 INFO org.springframework.web.servlet.FrameworkServlet [http-nio-8081-exec-1] Completed initialization in 71 ms
2022-09-13 16:17:21,186 INFO com.ciandt.token.provider.controllers.TokenController [http-nio-8081-exec-1] Recebido requisição para criação de token para chave: jose
2022-09-13 16:17:21,354 INFO com.ciandt.token.provider.controllers.TokenController [http-nio-8081-exec-1] Token gerado com sucesso
2022-09-13 16:19:48,737 INFO org.springframework.boot.StartupInfoLogger [main] Starting TokenProviderApplication using Java 11.0.16 on lnb033805cps with PID 647207 (/home/ebarbieri/Documents/projetct-myMusic-toTal/TokenProvider/target/classes started by CIANDT\ebarbieri in /home/ebarbieri/Documents/projetct-myMusic-toTal/TokenProvider)
2022-09-13 16:19:48,760 INFO org.springframework.boot.SpringApplication [main] No active profile set, falling back to default profiles: default
2022-09-13 16:19:54,811 INFO org.springframework.boot.web.embedded.tomcat.TomcatWebServer [main] Tomcat initialized with port(s): 8081 (http)
2022-09-13 16:19:54,860 INFO org.apache.juli.logging.DirectJDKLog [main] Initializing ProtocolHandler ["http-nio-8081"]
2022-09-13 16:19:54,862 INFO org.apache.juli.logging.DirectJDKLog [main] Starting service [Tomcat]
2022-09-13 16:19:54,863 INFO org.apache.juli.logging.DirectJDKLog [main] Starting Servlet engine: [Apache Tomcat/9.0.56]
2022-09-13 16:19:55,259 INFO org.apache.juli.logging.DirectJDKLog [main] Initializing Spring embedded WebApplicationContext
2022-09-13 16:19:55,266 INFO org.springframework.boot.web.servlet.context.ServletWebServerApplicationContext [main] Root WebApplicationContext: initialization completed in 6190 ms
2022-09-13 16:19:58,123 INFO org.springframework.boot.actuate.endpoint.web.EndpointLinksResolver [main] Exposing 1 endpoint(s) beneath base path '/actuator'
2022-09-13 16:19:58,259 INFO org.apache.juli.logging.DirectJDKLog [main] Starting ProtocolHandler ["http-nio-8081"]
2022-09-13 16:19:58,273 WARN org.springframework.context.support.AbstractApplicationContext [main] Exception encountered during context initialization - cancelling refresh attempt: org.springframework.context.ApplicationContextException: Failed to start bean 'webServerStartStop'; nested exception is org.springframework.boot.web.server.PortInUseException: Port 8081 is already in use
2022-09-13 16:19:58,318 INFO org.apache.juli.logging.DirectJDKLog [main] Pausing ProtocolHandler ["http-nio-8081"]
2022-09-13 16:19:58,322 INFO org.apache.juli.logging.DirectJDKLog [main] Stopping service [Tomcat]
2022-09-13 16:19:58,362 INFO org.apache.juli.logging.DirectJDKLog [main] Stopping ProtocolHandler ["http-nio-8081"]
2022-09-13 16:19:58,380 INFO org.apache.juli.logging.DirectJDKLog [main] Destroying ProtocolHandler ["http-nio-8081"]
2022-09-13 16:19:58,439 INFO org.springframework.boot.autoconfigure.logging.ConditionEvaluationReportLoggingListener [main] 

Error starting ApplicationContext. To display the conditions report re-run your application with 'debug' enabled.
2022-09-13 16:19:58,476 ERROR org.springframework.boot.diagnostics.LoggingFailureAnalysisReporter [main] 

***************************
APPLICATION FAILED TO START
***************************

Description:

Web server failed to start. Port 8081 was already in use.

Action:

Identify and stop the process that's listening on port 8081 or configure this application to listen on another port.

