2022-09-01 14:27:46,592 INFO org.springframework.boot.StartupInfoLogger [main] Starting TokenProviderApplication using Java 11.0.16 on lnb033805cps with PID 67581 (/home/ebarbieri/Documents/projetct-myMusic-toTal/TokenProvider/target/classes started by CIANDT\ebarbieri in /home/ebarbieri/Documents/projetct-myMusic-toTal/TokenProvider)
2022-09-01 14:27:46,595 INFO org.springframework.boot.SpringApplication [main] No active profile set, falling back to default profiles: default
2022-09-01 14:27:47,703 INFO org.springframework.boot.web.embedded.tomcat.TomcatWebServer [main] Tomcat initialized with port(s): 8081 (http)
2022-09-01 14:27:47,713 INFO org.apache.juli.logging.DirectJDKLog [main] Initializing ProtocolHandler ["http-nio-8081"]
2022-09-01 14:27:47,714 INFO org.apache.juli.logging.DirectJDKLog [main] Starting service [Tomcat]
2022-09-01 14:27:47,714 INFO org.apache.juli.logging.DirectJDKLog [main] Starting Servlet engine: [Apache Tomcat/9.0.56]
2022-09-01 14:27:47,768 INFO org.apache.juli.logging.DirectJDKLog [main] Initializing Spring embedded WebApplicationContext
2022-09-01 14:27:47,768 INFO org.springframework.boot.web.servlet.context.ServletWebServerApplicationContext [main] Root WebApplicationContext: initialization completed in 1117 ms
2022-09-01 14:27:48,410 INFO org.springframework.boot.actuate.endpoint.web.EndpointLinksResolver [main] Exposing 1 endpoint(s) beneath base path '/actuator'
2022-09-01 14:27:48,439 INFO org.apache.juli.logging.DirectJDKLog [main] Starting ProtocolHandler ["http-nio-8081"]
2022-09-01 14:27:48,452 INFO org.springframework.boot.web.embedded.tomcat.TomcatWebServer [main] Tomcat started on port(s): 8081 (http) with context path ''
2022-09-01 14:27:48,471 INFO org.springframework.boot.StartupInfoLogger [main] Started TokenProviderApplication in 2.488 seconds (JVM running for 3.402)
2022-09-01 14:43:25,484 INFO org.springframework.boot.StartupInfoLogger [main] Starting TokenProviderApplication using Java 11.0.16 on lnb033805cps with PID 71528 (/home/ebarbieri/Documents/projetct-myMusic-toTal/TokenProvider/target/classes started by CIANDT\ebarbieri in /home/ebarbieri/Documents/projetct-myMusic-toTal/TokenProvider)
2022-09-01 14:43:25,487 INFO org.springframework.boot.SpringApplication [main] No active profile set, falling back to default profiles: default
2022-09-01 14:43:26,567 INFO org.springframework.boot.web.embedded.tomcat.TomcatWebServer [main] Tomcat initialized with port(s): 8081 (http)
2022-09-01 14:43:26,580 INFO org.apache.juli.logging.DirectJDKLog [main] Initializing ProtocolHandler ["http-nio-8081"]
2022-09-01 14:43:26,581 INFO org.apache.juli.logging.DirectJDKLog [main] Starting service [Tomcat]
2022-09-01 14:43:26,582 INFO org.apache.juli.logging.DirectJDKLog [main] Starting Servlet engine: [Apache Tomcat/9.0.56]
2022-09-01 14:43:26,648 INFO org.apache.juli.logging.DirectJDKLog [main] Initializing Spring embedded WebApplicationContext
2022-09-01 14:43:26,649 INFO org.springframework.boot.web.servlet.context.ServletWebServerApplicationContext [main] Root WebApplicationContext: initialization completed in 1103 ms
2022-09-01 14:43:27,186 INFO org.springframework.boot.actuate.endpoint.web.EndpointLinksResolver [main] Exposing 1 endpoint(s) beneath base path '/actuator'
2022-09-01 14:43:27,213 INFO org.apache.juli.logging.DirectJDKLog [main] Starting ProtocolHandler ["http-nio-8081"]
2022-09-01 14:43:27,228 INFO org.springframework.boot.web.embedded.tomcat.TomcatWebServer [main] Tomcat started on port(s): 8081 (http) with context path ''
2022-09-01 14:43:27,249 INFO org.springframework.boot.StartupInfoLogger [main] Started TokenProviderApplication in 2.177 seconds (JVM running for 2.639)
2022-09-01 14:49:44,079 INFO org.springframework.boot.StartupInfoLogger [main] Starting TokenProviderApplication using Java 11.0.16 on lnb033805cps with PID 73054 (/home/ebarbieri/Documents/projetct-myMusic-toTal/TokenProvider/target/classes started by CIANDT\ebarbieri in /home/ebarbieri/Documents/projetct-myMusic-toTal/TokenProvider)
2022-09-01 14:49:44,082 INFO org.springframework.boot.SpringApplication [main] No active profile set, falling back to default profiles: default
2022-09-01 14:49:45,135 INFO org.springframework.boot.web.embedded.tomcat.TomcatWebServer [main] Tomcat initialized with port(s): 8081 (http)
2022-09-01 14:49:45,145 INFO org.apache.juli.logging.DirectJDKLog [main] Initializing ProtocolHandler ["http-nio-8081"]
2022-09-01 14:49:45,146 INFO org.apache.juli.logging.DirectJDKLog [main] Starting service [Tomcat]
2022-09-01 14:49:45,146 INFO org.apache.juli.logging.DirectJDKLog [main] Starting Servlet engine: [Apache Tomcat/9.0.56]
2022-09-01 14:49:45,194 INFO org.apache.juli.logging.DirectJDKLog [main] Initializing Spring embedded WebApplicationContext
2022-09-01 14:49:45,194 INFO org.springframework.boot.web.servlet.context.ServletWebServerApplicationContext [main] Root WebApplicationContext: initialization completed in 1052 ms
2022-09-01 14:49:45,748 INFO org.springframework.boot.actuate.endpoint.web.EndpointLinksResolver [main] Exposing 1 endpoint(s) beneath base path '/actuator'
2022-09-01 14:49:45,771 INFO org.apache.juli.logging.DirectJDKLog [main] Starting ProtocolHandler ["http-nio-8081"]
2022-09-01 14:49:45,783 INFO org.springframework.boot.web.embedded.tomcat.TomcatWebServer [main] Tomcat started on port(s): 8081 (http) with context path ''
2022-09-01 14:49:45,801 INFO org.springframework.boot.StartupInfoLogger [main] Started TokenProviderApplication in 2.2 seconds (JVM running for 2.702)
2022-09-01 14:52:09,368 INFO org.springframework.test.context.support.AbstractTestContextBootstrapper [main] Neither @ContextConfiguration nor @ContextHierarchy found for test class [com.ciandt.token.provider.TokenProviderApplicationTests], using SpringBootContextLoader
2022-09-01 14:52:09,374 INFO org.springframework.test.context.support.AbstractContextLoader [main] Could not detect default resource locations for test class [com.ciandt.token.provider.TokenProviderApplicationTests]: no resource found for suffixes {-context.xml, Context.groovy}.
2022-09-01 14:52:09,375 INFO org.springframework.test.context.support.AnnotationConfigContextLoaderUtils [main] Could not detect default configuration classes for test class [com.ciandt.token.provider.TokenProviderApplicationTests]: TokenProviderApplicationTests does not declare any static, non-private, non-final, nested classes annotated with @Configuration.
2022-09-01 14:52:09,453 INFO org.springframework.boot.test.context.SpringBootTestContextBootstrapper [main] Found @SpringBootConfiguration com.ciandt.token.provider.TokenProviderApplication for test class com.ciandt.token.provider.TokenProviderApplicationTests
2022-09-01 14:52:09,544 INFO org.springframework.test.context.support.AbstractTestContextBootstrapper [main] Loaded default TestExecutionListener class names from location [META-INF/spring.factories]: [org.springframework.boot.test.mock.mockito.MockitoTestExecutionListener, org.springframework.boot.test.mock.mockito.ResetMocksTestExecutionListener, org.springframework.boot.test.autoconfigure.restdocs.RestDocsTestExecutionListener, org.springframework.boot.test.autoconfigure.web.client.MockRestServiceServerResetTestExecutionListener, org.springframework.boot.test.autoconfigure.web.servlet.MockMvcPrintOnlyOnFailureTestExecutionListener, org.springframework.boot.test.autoconfigure.web.servlet.WebDriverTestExecutionListener, org.springframework.boot.test.autoconfigure.webservices.client.MockWebServiceServerTestExecutionListener, org.springframework.test.context.web.ServletTestExecutionListener, org.springframework.test.context.support.DirtiesContextBeforeModesTestExecutionListener, org.springframework.test.context.event.ApplicationEventsTestExecutionListener, org.springframework.test.context.support.DependencyInjectionTestExecutionListener, org.springframework.test.context.support.DirtiesContextTestExecutionListener, org.springframework.test.context.transaction.TransactionalTestExecutionListener, org.springframework.test.context.jdbc.SqlScriptsTestExecutionListener, org.springframework.test.context.event.EventPublishingTestExecutionListener]
2022-09-01 14:52:09,557 INFO org.springframework.test.context.support.AbstractTestContextBootstrapper [main] Using TestExecutionListeners: [org.springframework.test.context.web.ServletTestExecutionListener@2f17e30d, org.springframework.test.context.support.DirtiesContextBeforeModesTestExecutionListener@3e821657, org.springframework.test.context.event.ApplicationEventsTestExecutionListener@1d131e1b, org.springframework.boot.test.mock.mockito.MockitoTestExecutionListener@71cf1b07, org.springframework.boot.test.autoconfigure.SpringBootDependencyInjectionTestExecutionListener@615091b8, org.springframework.test.context.support.DirtiesContextTestExecutionListener@4fce136b, org.springframework.test.context.event.EventPublishingTestExecutionListener@4aa83f4f, org.springframework.boot.test.mock.mockito.ResetMocksTestExecutionListener@43b6123e, org.springframework.boot.test.autoconfigure.restdocs.RestDocsTestExecutionListener@260e86a1, org.springframework.boot.test.autoconfigure.web.client.MockRestServiceServerResetTestExecutionListener@19648c40, org.springframework.boot.test.autoconfigure.web.servlet.MockMvcPrintOnlyOnFailureTestExecutionListener@12bd8a64, org.springframework.boot.test.autoconfigure.web.servlet.WebDriverTestExecutionListener@61e94def, org.springframework.boot.test.autoconfigure.webservices.client.MockWebServiceServerTestExecutionListener@3300f4fd]
2022-09-01 14:52:09,908 INFO org.springframework.boot.StartupInfoLogger [main] Starting TokenProviderApplicationTests using Java 11.0.16 on lnb033805cps with PID 73471 (started by CIANDT\ebarbieri in /home/ebarbieri/Documents/projetct-myMusic-toTal/TokenProvider)
2022-09-01 14:52:09,910 INFO org.springframework.boot.SpringApplication [main] No active profile set, falling back to default profiles: default
2022-09-01 14:52:12,081 INFO org.springframework.boot.actuate.endpoint.web.EndpointLinksResolver [main] Exposing 1 endpoint(s) beneath base path '/actuator'
2022-09-01 14:52:12,140 INFO org.springframework.boot.StartupInfoLogger [main] Started TokenProviderApplicationTests in 2.536 seconds (JVM running for 3.75)
